11/11/2017 22:39:04Log file opened
c:\users\hjf84_000\documents\webstripper\civilization.itgo\index.html Success
c:\users\hjf84_000\documents\webstripper\civilization.itgo\WebStripper\favicon01.ico Success
c:\users\hjf84_000\documents\webstripper\civilization.itgo\WebStripper\favicon02.ico Success
Not Success: http://ssl/
Not Success: http://www/
c:\users\hjf84_000\documents\webstripper\civilization.itgo\cgi-bin\image\images\sethome_top_border.gif Success
c:\users\hjf84_000\documents\webstripper\civilization.itgo\cgi-bin\image\images\sethome_x.gif Success
c:\users\hjf84_000\documents\webstripper\civilization.itgo\cgi-bin\image\images\sethome_btn_l.gif Success
c:\users\hjf84_000\documents\webstripper\civilization.itgo\cgi-bin\image\images\sethome_btn_m.gif Success
c:\users\hjf84_000\documents\webstripper\civilization.itgo\cgi-bin\image\images\sethome_btn_r.gif Success
c:\users\hjf84_000\documents\webstripper\civilization.itgo\cgi-bin\image\images\sethome_bot_border.gif Success
c:\users\hjf84_000\documents\webstripper\civilization.itgo\Music1.mid Success
c:\users\hjf84_000\documents\webstripper\civilization.itgo\cgi-bin\image\images\bannertype\100X22.gif Success
Not Success: http://civilization.itgo.com/cgi-bin/login
Not Success: http://civilization.itgo.com/cgi-bin/path/signup?refcd=MWS_20040713_Banner_bar
Not Success: http://uol-d.openx.net/w/1.0/afr?auid=538771292&cb=1510447034
Not Success: http://uol-d.openx.net/w/1.0/ai?auid=538771292&cs=112cbf23dd&cb=1510447034
c:\users\hjf84_000\documents\webstripper\civilization.itgo\uol-d.openx.net\w\1.0\jstag Success
c:\users\hjf84_000\documents\webstripper\civilization.itgo\fs_img\js\overlay.js Success
c:\users\hjf84_000\documents\webstripper\civilization.itgo\fs_img\js\set_homepage.js Success
c:\users\hjf84_000\documents\webstripper\civilization.itgo\emplogon.jpg Success
c:\users\hjf84_000\documents\webstripper\civilization.itgo\_vti_bin\shtml.exe\index.htm\map Success
c:\users\hjf84_000\documents\webstripper\civilization.itgo\zonelogo.gif Success
c:\users\hjf84_000\documents\webstripper\civilization.itgo\pontilhado_menu.gif Success
c:\users\hjf84_000\documents\webstripper\civilization.itgo\index.htm Success
c:\users\hjf84_000\documents\webstripper\civilization.itgo\clan\index.html Success
c:\users\hjf84_000\documents\webstripper\civilization.itgo\jogadores\index.html Success
c:\users\hjf84_000\documents\webstripper\civilization.itgo\historico\index.html Success
c:\users\hjf84_000\documents\webstripper\civilization.itgo\empireliquias\index.html Success
c:\users\hjf84_000\documents\webstripper\civilization.itgo\alianca\index.html Success
c:\users\hjf84_000\documents\webstripper\civilization.itgo\downloads\index.html Success
c:\users\hjf84_000\documents\webstripper\civilization.itgo\dicas\aoe\index.html Success
c:\users\hjf84_000\documents\webstripper\civilization.itgo\dicas\aoeror\index.html Success
c:\users\hjf84_000\documents\webstripper\civilization.itgo\dicas\aok\index.html Success
c:\users\hjf84_000\documents\webstripper\civilization.itgo\screenshots\screenshots.htm Success
c:\users\hjf84_000\documents\webstripper\civilization.itgo\dicas\index.html Success
c:\users\hjf84_000\documents\webstripper\civilization.itgo\estrategias\index.html Success
Not Success: http://civilization.itgo.com/forum.htm
c:\users\hjf84_000\documents\webstripper\civilization.itgo\chat.htm Success
c:\users\hjf84_000\documents\webstripper\civilization.itgo\links.htm Success
c:\users\hjf84_000\documents\webstripper\civilization.itgo\anuncie.htm Success
c:\users\hjf84_000\documents\webstripper\civilization.itgo\_vti_bin\shtml.exe\index.htm\map1 Success
c:\users\hjf84_000\documents\webstripper\civilization.itgo\celeiro.gif Success
c:\users\hjf84_000\documents\webstripper\civilization.itgo\empceleiro.jpg Success
Not Success: http://c1.thecounter.com/id=140476
c:\users\hjf84_000\documents\webstripper\civilization.itgo\eshoplogo.jpg Success
c:\users\hjf84_000\documents\webstripper\civilization.itgo\pontilhado_meio1.gif Success
c:\users\hjf84_000\documents\webstripper\civilization.itgo\G0100250.gif Success
c:\users\hjf84_000\documents\webstripper\civilization.itgo\_vti_bin\shtml.exe\index.htm\map2 Success
c:\users\hjf84_000\documents\webstripper\civilization.itgo\scenariocontest.jpg Success
c:\users\hjf84_000\documents\webstripper\civilization.itgo\pontilhado_meio2.gif Success
c:\users\hjf84_000\documents\webstripper\civilization.itgo\dicas\aoebackground.gif Success
c:\users\hjf84_000\documents\webstripper\civilization.itgo\jogadores\grandesjogadas\HordaCB_AM_r1_HordaxNDS.zip Success
Parsing error: Cannot create file "". A sintaxe do nome do arquivo, do nome do diretório ou do rótulo do volume está incorreta on c:\users\hjf84_000\documents\webstripper\civilization.itgo\jogadores\grandesjogadas\HordaCB_AM_r1_HordaxNDS.zip (Success)
Not Success: http://civilization.itgo.com/jogadores/grandesjogadas/TBECB_BAr2_TKOxWD.zip
c:\users\hjf84_000\documents\webstripper\civilization.itgo\jogadores\grandesjogadas\TBECB_PAr2_FOXxNDS.zip Success
Parsing error: Cannot create file "". A sintaxe do nome do arquivo, do nome do diretório ou do rótulo do volume está incorreta on c:\users\hjf84_000\documents\webstripper\civilization.itgo\jogadores\grandesjogadas\TBECB_PAr2_FOXxNDS.zip (Success)
c:\users\hjf84_000\documents\webstripper\civilization.itgo\jogadores\grandesjogadas\TBECB_PIr2_FOXxTWG.zip Success
Parsing error: Cannot create file "". A sintaxe do nome do arquivo, do nome do diretório ou do rótulo do volume está incorreta on c:\users\hjf84_000\documents\webstripper\civilization.itgo\jogadores\grandesjogadas\TBECB_PIr2_FOXxTWG.zip (Success)
Not Success: http://civilization.itgo.com/jogadores/grandesjogadas/TBECB_RJr2_TBExTKO.zip
c:\users\hjf84_000\documents\webstripper\civilization.itgo\killxpersarts\index.htm Success
c:\users\hjf84_000\documents\webstripper\civilization.itgo\_vti_bin\shtml.exe\index.htm\map3 Success
c:\users\hjf84_000\documents\webstripper\civilization.itgo\chatlogo.gif Success
c:\users\hjf84_000\documents\webstripper\civilization.itgo\votage.jpg Success
c:\users\hjf84_000\documents\webstripper\civilization.itgo\al.htm Success
c:\users\hjf84_000\documents\webstripper\civilization.itgo\_vti_bin\shtml.exe\index.htm\map4 Success
c:\users\hjf84_000\documents\webstripper\civilization.itgo\AL.gif Success
c:\users\hjf84_000\documents\webstripper\civilization.itgo\_vti_bin\shtml.exe\index.htm\map5 Success
c:\users\hjf84_000\documents\webstripper\civilization.itgo\clas.jpg Success
c:\users\hjf84_000\documents\webstripper\civilization.itgo\downloads\aoe\aoehead.gif Success
Not Success: http://civilization.itgo.com/www.imlclan.cjb.net
c:\users\hjf84_000\documents\webstripper\civilization.itgo\papyrus.zip Success
Parsing error: Cannot create file "". A sintaxe do nome do arquivo, do nome do diretório ou do rótulo do volume está incorreta on c:\users\hjf84_000\documents\webstripper\civilization.itgo\papyrus.zip (Success)
c:\users\hjf84_000\documents\webstripper\civilization.itgo\fs_img\js\pt.js Success
Not Success: http://enquete.zaz.com.br/cgi-bin/enquete.pl
Not Success: http://civilization.itgo.com/mailto:berthold@zaz.com.br
Not Success: http://signup.itgo.com/cgi-bin/path/signup?refcd=MWS_20040713_Banner_bar
Not Success: http://signup.itgo.com/cgi-bin/path/signup?refcd=MWS_20040713_Banner_bar&verify=1510447044
c:\users\hjf84_000\documents\webstripper\civilization.itgo\uol-d.openx.net\w\1.0\afr.74.html Success
c:\users\hjf84_000\documents\webstripper\civilization.itgo\uol-d.openx.net\w\1.0\ai.75.html Success
Not Success: http://civilization.itgo.com/clan/pontilhado_menu.gif
c:\users\hjf84_000\documents\webstripper\civilization.itgo\screenshots\index.html Success
c:\users\hjf84_000\documents\webstripper\civilization.itgo\clan\figclan.jpg Success
c:\users\hjf84_000\documents\webstripper\civilization.itgo\historico\index.htm Success
Not Success: http://civilization.itgo.com/historico/clan/
Not Success: http://civilization.itgo.com/historico/jogadores/
Not Success: http://civilization.itgo.com/historico/empireliquias/
Not Success: http://civilization.itgo.com/historico/alianca/
Not Success: http://civilization.itgo.com/historico/downloads/
Not Success: http://civilization.itgo.com/historico/dicas/aoe/
Not Success: http://civilization.itgo.com/historico/dicas/aoeror/
Not Success: http://civilization.itgo.com/historico/dicas/aok/
Not Success: http://civilization.itgo.com/historico/screenshots/screenshots.htm
Not Success: http://civilization.itgo.com/historico/dicas/
Not Success: http://civilization.itgo.com/historico/estrategias/
Not Success: http://civilization.itgo.com/historico/links.htm
Not Success: http://civilization.itgo.com/historico/anuncie.htm
c:\users\hjf84_000\documents\webstripper\civilization.itgo\historico\last_index999999.htm Success
c:\users\hjf84_000\documents\webstripper\civilization.itgo\historico\historicologo.jpg Success
c:\users\hjf84_000\documents\webstripper\civilization.itgo\uol-d.openx.net\w\1.0\afr.95.html Success
c:\users\hjf84_000\documents\webstripper\civilization.itgo\uol-d.openx.net\w\1.0\ai.96.html Success
c:\users\hjf84_000\documents\webstripper\civilization.itgo\alianca\empalliance.jpg Success
Not Success: http://civilization.itgo.com/jogadores/mailto:berthold@zaz.com.br
c:\users\hjf84_000\documents\webstripper\civilization.itgo\downloads\aoe\index.html Success
c:\users\hjf84_000\documents\webstripper\civilization.itgo\downloads\aoeror\index.html Success
c:\users\hjf84_000\documents\webstripper\civilization.itgo\downloads\aok\index.html Success
c:\users\hjf84_000\documents\webstripper\civilization.itgo\downloads\utilitarios\index.html Success
Not Success: http://civilization.itgo.com/dicas/pontilhado_menu.gif
c:\users\hjf84_000\documents\webstripper\civilization.itgo\dicas\aoe\tabciv.htm Success
c:\users\hjf84_000\documents\webstripper\civilization.itgo\dicas\aoe\aoecheatcodes.htm Success
Not Success: http://civilization.itgo.com/dicas/aoe/sm-xpackwall.jpg
c:\users\hjf84_000\documents\webstripper\civilization.itgo\_vti_bin\shtml.exe\dicas\aoe\index.htm\map Success
c:\users\hjf84_000\documents\webstripper\civilization.itgo\dicas\aoecaixa.jpg Success
c:\users\hjf84_000\documents\webstripper\civilization.itgo\dicas\aoe\stoneage.htm Success
c:\users\hjf84_000\documents\webstripper\civilization.itgo\_vti_bin\shtml.exe\dicas\aoe\index.htm\map1 Success
c:\users\hjf84_000\documents\webstripper\civilization.itgo\dicas\aoe\pedraicon.gif Success
c:\users\hjf84_000\documents\webstripper\civilization.itgo\dicas\aoe\toolage.htm Success
c:\users\hjf84_000\documents\webstripper\civilization.itgo\_vti_bin\shtml.exe\dicas\aoe\index.htm\map2 Success
c:\users\hjf84_000\documents\webstripper\civilization.itgo\dicas\aoe\toolicon.jpg Success
c:\users\hjf84_000\documents\webstripper\civilization.itgo\dicas\aoe\bronzeage.htm Success
c:\users\hjf84_000\documents\webstripper\civilization.itgo\_vti_bin\shtml.exe\dicas\aoe\index.htm\map3 Success
c:\users\hjf84_000\documents\webstripper\civilization.itgo\dicas\aoe\bronzeicon.jpg Success
c:\users\hjf84_000\documents\webstripper\civilization.itgo\dicas\aoe\ironage.htm Success
c:\users\hjf84_000\documents\webstripper\civilization.itgo\_vti_bin\shtml.exe\dicas\aoe\index.htm\map4 Success
c:\users\hjf84_000\documents\webstripper\civilization.itgo\dicas\aoe\ironicon.jpg Success
c:\users\hjf84_000\documents\webstripper\civilization.itgo\dicas\aoerorbackground.jpg Success
c:\users\hjf84_000\documents\webstripper\civilization.itgo\dicas\aoeror\novidades_ror.htm Success
c:\users\hjf84_000\documents\webstripper\civilization.itgo\dicas\aoeror\rorcheatcodes.htm Success
c:\users\hjf84_000\documents\webstripper\civilization.itgo\dicas\aoeror\sm-xpackwall.jpg Success
c:\users\hjf84_000\documents\webstripper\civilization.itgo\_vti_bin\shtml.exe\dicas\aoeror\index.htm\map Success
c:\users\hjf84_000\documents\webstripper\civilization.itgo\dicas\aoerorcaixa.jpg Success
c:\users\hjf84_000\documents\webstripper\civilization.itgo\dicas\aoe2background.jpg Success
c:\users\hjf84_000\documents\webstripper\civilization.itgo\dicas\aok\pfepfdaunidade.htm Success
c:\users\hjf84_000\documents\webstripper\civilization.itgo\dicas\aok\aokcheatcodes.htm Success
Not Success: http://civilization.itgo.com/dicas/aok/sm-xpackwall.jpg
c:\users\hjf84_000\documents\webstripper\civilization.itgo\_vti_bin\shtml.exe\dicas\aok\index.htm\map Success
c:\users\hjf84_000\documents\webstripper\civilization.itgo\dicas\age2caixa.gif Success
c:\users\hjf84_000\documents\webstripper\civilization.itgo\dicas\aok\darkageicon.jpg Success
c:\users\hjf84_000\documents\webstripper\civilization.itgo\dicas\aok\feudalageicon.jpg Success
c:\users\hjf84_000\documents\webstripper\civilization.itgo\dicas\aok\castleageicon.jpg Success
c:\users\hjf84_000\documents\webstripper\civilization.itgo\dicas\aok\imperialageicon.jpg Success
c:\users\hjf84_000\documents\webstripper\civilization.itgo\uol-d.openx.net\w\1.0\afr.137.html Success
c:\users\hjf84_000\documents\webstripper\civilization.itgo\uol-d.openx.net\w\1.0\ai.138.html Success
c:\users\hjf84_000\documents\webstripper\civilization.itgo\screenshots\ss_s_3.gif Success
c:\users\hjf84_000\documents\webstripper\civilization.itgo\screenshots\ss_s_2.gif Success
c:\users\hjf84_000\documents\webstripper\civilization.itgo\screenshots\ss_s_41.gif Success
c:\users\hjf84_000\documents\webstripper\civilization.itgo\screenshots\ss_s_4.gif Success
c:\users\hjf84_000\documents\webstripper\civilization.itgo\screenshots\ss_s_40.gif Success
c:\users\hjf84_000\documents\webstripper\civilization.itgo\screenshots\ss_s_9.gif Success
c:\users\hjf84_000\documents\webstripper\civilization.itgo\screenshots\ss_s_13.gif Success
c:\users\hjf84_000\documents\webstripper\civilization.itgo\screenshots\ss_s_14.gif Success
c:\users\hjf84_000\documents\webstripper\civilization.itgo\screenshots\ss_s_34.gif Success
c:\users\hjf84_000\documents\webstripper\civilization.itgo\screenshots\ss_s_32.gif Success
c:\users\hjf84_000\documents\webstripper\civilization.itgo\screenshots\ss_s_30.gif Success
c:\users\hjf84_000\documents\webstripper\civilization.itgo\screenshots\ss_s_26.gif Success
Not Success: http://chat1.bravenet.com/COM.volano.VolanoChat.class
Not Success: http://civilization.itgo.com/COM/volano/VolanoChat.cab
Not Success: http://van.ads.link4ads.com/bin/wadredir?req=ad&siteid=27279&pageid=1.96424982476339&service=chat&catg=160&tag=script&time=472015
Not Success: http://van.ads.link4ads.com/bin/wadredir?req=ad&siteid=27279&pageid=1.96424982476339&service=chat&catg=160&mode=via&time=472015
c:\users\hjf84_000\documents\webstripper\civilization.itgo\images.bravenet.com\brpics\spacer.gif Success
Not Success: http://images.bravenet.com/brpics/buttonxch/bnetpro.gif
Not Success: http://images.bravenet.com/brpics/bravenettools2.gif
Not Success: http://chat1.bravenet.com/vcclient
Not Success: http://civilization.itgo.com/COM/volano/VolanoChat.jar
Not Success: http://civilization.itgo.com/COM.volano.VolanoChat.class
c:\users\hjf84_000\documents\webstripper\civilization.itgo\_vti_bin\shtml.exe\anuncie.htm\map Success
c:\users\hjf84_000\documents\webstripper\civilization.itgo\microsoft_234x60_age.gif Success
c:\users\hjf84_000\documents\webstripper\civilization.itgo\killxpersarts\index.html Success
c:\users\hjf84_000\documents\webstripper\civilization.itgo\uol-d.openx.net\w\1.0\afr.164.html Success
c:\users\hjf84_000\documents\webstripper\civilization.itgo\uol-d.openx.net\w\1.0\ai.165.html Success
c:\users\hjf84_000\documents\webstripper\civilization.itgo\killxpersarts\wvlogo.gif Success
c:\users\hjf84_000\documents\webstripper\civilization.itgo\killxpersarts\Espiral_vermelha.gif Success
c:\users\hjf84_000\documents\webstripper\civilization.itgo\killxpersarts\curriculum.htm Success
Not Success: http://civilization.itgo.com/killxpersarts/mailto:berthold@zaz.com.br
c:\users\hjf84_000\documents\webstripper\civilization.itgo\screenshots\.170.html Success
c:\users\hjf84_000\documents\webstripper\civilization.itgo\icons\blank.gif Success
c:\users\hjf84_000\documents\webstripper\civilization.itgo\screenshots\.172.html Success
c:\users\hjf84_000\documents\webstripper\civilization.itgo\screenshots\.173.html Success
c:\users\hjf84_000\documents\webstripper\civilization.itgo\screenshots\.174.html Success
c:\users\hjf84_000\documents\webstripper\civilization.itgo\icons\back.gif Success
c:\users\hjf84_000\documents\webstripper\civilization.itgo\icons\text.gif Success
c:\users\hjf84_000\documents\webstripper\civilization.itgo\icons\image2.gif Success
c:\users\hjf84_000\documents\webstripper\civilization.itgo\cgi-bin\i\screenshots\ss_s_13.gif Success
c:\users\hjf84_000\documents\webstripper\civilization.itgo\cgi-bin\i\screenshots\ss_s_14.gif Success
c:\users\hjf84_000\documents\webstripper\civilization.itgo\cgi-bin\i\screenshots\ss_s_2.gif Success
c:\users\hjf84_000\documents\webstripper\civilization.itgo\cgi-bin\i\screenshots\ss_s_26.gif Success
c:\users\hjf84_000\documents\webstripper\civilization.itgo\cgi-bin\i\screenshots\ss_s_3.gif Success
c:\users\hjf84_000\documents\webstripper\civilization.itgo\cgi-bin\i\screenshots\ss_s_30.gif Success
c:\users\hjf84_000\documents\webstripper\civilization.itgo\cgi-bin\i\screenshots\ss_s_32.gif Success
c:\users\hjf84_000\documents\webstripper\civilization.itgo\cgi-bin\i\screenshots\ss_s_34.gif Success
c:\users\hjf84_000\documents\webstripper\civilization.itgo\cgi-bin\i\screenshots\ss_s_4.gif Success
c:\users\hjf84_000\documents\webstripper\civilization.itgo\cgi-bin\i\screenshots\ss_s_40.gif Success
c:\users\hjf84_000\documents\webstripper\civilization.itgo\cgi-bin\i\screenshots\ss_s_41.gif Success
c:\users\hjf84_000\documents\webstripper\civilization.itgo\cgi-bin\i\screenshots\ss_s_9.gif Success
c:\users\hjf84_000\documents\webstripper\civilization.itgo\uol-d.openx.net\w\1.0\afr.190.html Success
c:\users\hjf84_000\documents\webstripper\civilization.itgo\uol-d.openx.net\w\1.0\ai.191.html Success
c:\users\hjf84_000\documents\webstripper\civilization.itgo\_vti_bin\shtml.exe\historico\last_index999999.htm\map Success
c:\users\hjf84_000\documents\webstripper\civilization.itgo\_vti_bin\shtml.exe\historico\last_index999999.htm\map1 Success
c:\users\hjf84_000\documents\webstripper\civilization.itgo\_vti_bin\shtml.exe\historico\last_index999999.htm\map2 Success
c:\users\hjf84_000\documents\webstripper\civilization.itgo\_vti_bin\shtml.exe\historico\last_index999999.htm\map3 Success
Not Success: http://civilization.itgo.com/historico/mailto:berthold@zaz.com.br
c:\users\hjf84_000\documents\webstripper\civilization.itgo\uol-d.openx.net\w\1.0\afr.197.html Success
c:\users\hjf84_000\documents\webstripper\civilization.itgo\uol-d.openx.net\w\1.0\ai.198.html Success
Not Success: http://civilization.itgo.com/downloads/pontilhado_menu.gif
c:\users\hjf84_000\documents\webstripper\civilization.itgo\downloads\aok\empmap_aok.zip Success
Parsing error: Cannot create file "". A sintaxe do nome do arquivo, do nome do diretório ou do rótulo do volume está incorreta on c:\users\hjf84_000\documents\webstripper\civilization.itgo\downloads\aok\empmap_aok.zip (Success)
Not Success: http://civilization.itgo.com/downloads/utilitarios/ftp://ftp.microsoft.com/deskapps/games/public/empires/msaoe10a.exe
Not Success: http://civilization.itgo.com/downloads/utilitarios/ftp://ftp.microsoft.com/deskapps/games/public/empires/patch_spl_brz_itl/msaoe10a.exe
Not Success: http://civilization.itgo.com/downloads/utilitarios/ftp://ftp.microsoft.com/deskapps/games/public/empires/MSAoE10B.EXE
c:\users\hjf84_000\documents\webstripper\civilization.itgo\downloads\utilitarios\crackcdb.com Success
Not Success: http://civilization.itgo.com/downloads/utilitarios/AoELaunch.exe
c:\users\hjf84_000\documents\webstripper\civilization.itgo\downloads\utilitarios\languagex.dll Success
c:\users\hjf84_000\documents\webstripper\civilization.itgo\dicas\aoe\town_centre.gif Success
c:\users\hjf84_000\documents\webstripper\civilization.itgo\dicas\aoe\aldeao.gif Success
c:\users\hjf84_000\documents\webstripper\civilization.itgo\dicas\aoe\celeiros.gif Success
c:\users\hjf84_000\documents\webstripper\civilization.itgo\dicas\aoe\quarteis.gif Success
c:\users\hjf84_000\documents\webstripper\civilization.itgo\dicas\aoe\guerreiro_clava.gif Success
c:\users\hjf84_000\documents\webstripper\civilization.itgo\dicas\aoe\storage_pit.gif Success
c:\users\hjf84_000\documents\webstripper\civilization.itgo\dicas\aoe\cais.gif Success
c:\users\hjf84_000\documents\webstripper\civilization.itgo\dicas\aoe\barco_peskeiro.gif Success
c:\users\hjf84_000\documents\webstripper\civilization.itgo\dicas\aoe\barco_mercante.gif Success
c:\users\hjf84_000\documents\webstripper\civilization.itgo\_vti_bin\shtml.exe\dicas\aoe\stoneage.htm\map Success
c:\users\hjf84_000\documents\webstripper\civilization.itgo\_vti_bin\shtml.exe\dicas\aoe\stoneage.htm\map1 Success
c:\users\hjf84_000\documents\webstripper\civilization.itgo\_vti_bin\shtml.exe\dicas\aoe\stoneage.htm\map2 Success
c:\users\hjf84_000\documents\webstripper\civilization.itgo\dicas\aoe\homemachado.gif Success
c:\users\hjf84_000\documents\webstripper\civilization.itgo\dicas\aoe\naviobatedor.gif Success
c:\users\hjf84_000\documents\webstripper\civilization.itgo\dicas\aoe\mercados.gif Success
c:\users\hjf84_000\documents\webstripper\civilization.itgo\dicas\aoe\archery_range.gif Success
c:\users\hjf84_000\documents\webstripper\civilization.itgo\dicas\aoe\arqueiro.gif Success
c:\users\hjf84_000\documents\webstripper\civilization.itgo\dicas\aoe\estabulos.gif Success
c:\users\hjf84_000\documents\webstripper\civilization.itgo\dicas\aoe\batedor.gif Success
c:\users\hjf84_000\documents\webstripper\civilization.itgo\_vti_bin\shtml.exe\dicas\aoe\toolage.htm\map Success
c:\users\hjf84_000\documents\webstripper\civilization.itgo\_vti_bin\shtml.exe\dicas\aoe\toolage.htm\map1 Success
c:\users\hjf84_000\documents\webstripper\civilization.itgo\_vti_bin\shtml.exe\dicas\aoe\toolage.htm\map2 Success
c:\users\hjf84_000\documents\webstripper\civilization.itgo\dicas\aoe\tabciv_aoe.jpg Success
c:\users\hjf84_000\documents\webstripper\civilization.itgo\uol-d.openx.net\w\1.0\afr.230.html Success
c:\users\hjf84_000\documents\webstripper\civilization.itgo\uol-d.openx.net\w\1.0\ai.231.html Success
c:\users\hjf84_000\documents\webstripper\civilization.itgo\dicas\aoe\pequespadachim.gif Success
c:\users\hjf84_000\documents\webstripper\civilization.itgo\dicas\aoe\espadachimdefolhalarga.gif Success
c:\users\hjf84_000\documents\webstripper\civilization.itgo\dicas\aoe\naviopesca.gif Success
c:\users\hjf84_000\documents\webstripper\civilization.itgo\dicas\aoe\naviomercante.gif Success
c:\users\hjf84_000\documents\webstripper\civilization.itgo\dicas\aoe\galeraguerra.gif Success
c:\users\hjf84_000\documents\webstripper\civilization.itgo\dicas\aoe\arqueiroaperfeicoado.gif Success
c:\users\hjf84_000\documents\webstripper\civilization.itgo\dicas\aoe\arqueirocomposto.gif Success
c:\users\hjf84_000\documents\webstripper\civilization.itgo\dicas\aoe\arqueirocarruagem.gif Success
c:\users\hjf84_000\documents\webstripper\civilization.itgo\dicas\aoe\cavalaria.gif Success
c:\users\hjf84_000\documents\webstripper\civilization.itgo\dicas\aoe\academia.gif Success
c:\users\hjf84_000\documents\webstripper\civilization.itgo\dicas\aoe\hoplita.gif Success
c:\users\hjf84_000\documents\webstripper\civilization.itgo\dicas\aoe\sededogoverno.gif Success
c:\users\hjf84_000\documents\webstripper\civilization.itgo\dicas\aoe\lancapedras.gif Success
c:\users\hjf84_000\documents\webstripper\civilization.itgo\dicas\aoe\templo.gif Success
c:\users\hjf84_000\documents\webstripper\civilization.itgo\dicas\aoe\sacerdote.gif Success
c:\users\hjf84_000\documents\webstripper\civilization.itgo\_vti_bin\shtml.exe\dicas\aoe\bronzeage.htm\map Success
c:\users\hjf84_000\documents\webstripper\civilization.itgo\_vti_bin\shtml.exe\dicas\aoe\bronzeage.htm\map1 Success
c:\users\hjf84_000\documents\webstripper\civilization.itgo\_vti_bin\shtml.exe\dicas\aoe\bronzeage.htm\map2 Success
c:\users\hjf84_000\documents\webstripper\civilization.itgo\dicas\aoe\longoespadachim.gif Success
c:\users\hjf84_000\documents\webstripper\civilization.itgo\dicas\aoe\legiao.gif Success
c:\users\hjf84_000\documents\webstripper\civilization.itgo\dicas\aoe\transportepesado.gif Success
c:\users\hjf84_000\documents\webstripper\civilization.itgo\dicas\aoe\trireme.gif Success
c:\users\hjf84_000\documents\webstripper\civilization.itgo\dicas\aoe\triremecatapulta.gif Success
c:\users\hjf84_000\documents\webstripper\civilization.itgo\dicas\aoe\juggernaught.gif Success
c:\users\hjf84_000\documents\webstripper\civilization.itgo\dicas\aoe\arqueirocavalo.gif Success
c:\users\hjf84_000\documents\webstripper\civilization.itgo\dicas\aoe\arqueirocavalopesado.gif Success
c:\users\hjf84_000\documents\webstripper\civilization.itgo\dicas\aoe\arqueiroelefante.gif Success
c:\users\hjf84_000\documents\webstripper\civilization.itgo\dicas\aoe\cavalariapesada.gif Success
c:\users\hjf84_000\documents\webstripper\civilization.itgo\dicas\aoe\cataphract.gif Success
c:\users\hjf84_000\documents\webstripper\civilization.itgo\dicas\aoe\elefanteguerra.gif Success
c:\users\hjf84_000\documents\webstripper\civilization.itgo\dicas\aoe\falange.gif Success
c:\users\hjf84_000\documents\webstripper\civilization.itgo\dicas\aoe\centuriao.gif Success
c:\users\hjf84_000\documents\webstripper\civilization.itgo\dicas\aoe\catapulta.gif Success
c:\users\hjf84_000\documents\webstripper\civilization.itgo\dicas\aoe\catapultarobusta.gif Success
c:\users\hjf84_000\documents\webstripper\civilization.itgo\dicas\aoe\besta.gif Success
c:\users\hjf84_000\documents\webstripper\civilization.itgo\dicas\aoe\helepolis.gif Success
c:\users\hjf84_000\documents\webstripper\civilization.itgo\_vti_bin\shtml.exe\dicas\aoe\ironage.htm\map Success
c:\users\hjf84_000\documents\webstripper\civilization.itgo\_vti_bin\shtml.exe\dicas\aoe\ironage.htm\map1 Success
c:\users\hjf84_000\documents\webstripper\civilization.itgo\_vti_bin\shtml.exe\dicas\aoe\ironage.htm\map2 Success
c:\users\hjf84_000\documents\webstripper\civilization.itgo\dicas\aoeror\log.gif Success
c:\users\hjf84_000\documents\webstripper\civilization.itgo\dicas\aoeror\mart.gif Success
c:\users\hjf84_000\documents\webstripper\civilization.itgo\dicas\aoeror\med.gif Success
c:\users\hjf84_000\documents\webstripper\civilization.itgo\dicas\aoeror\towershield.gif Success
c:\users\hjf84_000\documents\webstripper\civilization.itgo\dicas\aoeror\elephantsm.gif Success
c:\users\hjf84_000\documents\webstripper\civilization.itgo\dicas\aoeror\camelrender-sm.gif Success
c:\users\hjf84_000\documents\webstripper\civilization.itgo\dicas\aoeror\firesm.gif Success
c:\users\hjf84_000\documents\webstripper\civilization.itgo\dicas\aoeror\sm-chariot1.gif Success
c:\users\hjf84_000\documents\webstripper\civilization.itgo\dicas\aoeror\slingersm.gif Success
c:\users\hjf84_000\documents\webstripper\civilization.itgo\dicas\aoeror\sm-building_1.gif Success
c:\users\hjf84_000\documents\webstripper\civilization.itgo\dicas\aoeror\sm-building_2.gif Success
c:\users\hjf84_000\documents\webstripper\civilization.itgo\dicas\aoeror\sm-building_3.gif Success
c:\users\hjf84_000\documents\webstripper\civilization.itgo\dicas\aoeror\building-arch1.gif Success
c:\users\hjf84_000\documents\webstripper\civilization.itgo\dicas\aoeror\building-tc1.gif Success
c:\users\hjf84_000\documents\webstripper\civilization.itgo\dicas\aoeror\build-storage2.gif Success
c:\users\hjf84_000\documents\webstripper\civilization.itgo\dicas\aoeror\build-govcenter.gif Success
c:\users\hjf84_000\documents\webstripper\civilization.itgo\dicas\aoeror\building-temple1.gif Success
c:\users\hjf84_000\documents\webstripper\civilization.itgo\dicas\aoeror\building_7.gif Success
c:\users\hjf84_000\documents\webstripper\civilization.itgo\dicas\aoeror\building_8.gif Success
c:\users\hjf84_000\documents\webstripper\civilization.itgo\dicas\aoeror\buildings-bar1.gif Success
c:\users\hjf84_000\documents\webstripper\civilization.itgo\dicas\aok\pftepfc.jpg Success
c:\users\hjf84_000\documents\webstripper\civilization.itgo\uol-d.openx.net\w\1.0\afr.292.html Success
c:\users\hjf84_000\documents\webstripper\civilization.itgo\uol-d.openx.net\w\1.0\ai.293.html Success
c:\users\hjf84_000\documents\webstripper\civilization.itgo\screenshots\.294.html Success
c:\users\hjf84_000\documents\webstripper\civilization.itgo\uol-d.openx.net\w\1.0\afr.295.html Success
c:\users\hjf84_000\documents\webstripper\civilization.itgo\uol-d.openx.net\w\1.0\ai.296.html Success
c:\users\hjf84_000\documents\webstripper\civilization.itgo\screenshots\.297.html Success
c:\users\hjf84_000\documents\webstripper\civilization.itgo\screenshots\.298.html Success
c:\users\hjf84_000\documents\webstripper\civilization.itgo\uol-d.openx.net\w\1.0\afr.299.html Success
c:\users\hjf84_000\documents\webstripper\civilization.itgo\uol-d.openx.net\w\1.0\ai.300.html Success
c:\users\hjf84_000\documents\webstripper\civilization.itgo\cgi-bin\login.301.html Success
Not Success: http://uol-d.openx.net/w/1.0/;ah.bs=ag}return%20ab.template(ae,ah)}function%20W(ad){r(ad)}function%20r(ae){var%20ag=u.fallback,af,ad,ah=function(){ae.onAdRenderFinish(j,Y,0);ae.onAdUnitRenderFinish()};if(Y&&Y.html&&(j.get(
Not Success: http://uol-d.openx.net/w/1.0/)!==d)){af=G(Y);ad=J(B,{src:af});if(!j.get(
Not Success: http://uol-d.openx.net/w/1.0/)){Y.html=Y.html+ad}}if(j.get(
Not Success: http://uol-d.openx.net/w/1.0/){V()}ae.onAdUnitRenderStart();if(ae.framed){X(ag,a,j.get(
Not Success: http://uol-d.openx.net/w/1.0/,j.get(
Not Success: http://uol-d.openx.net/w/1.0/)||j.get(
Not Success: http://uol-d.openx.net/w/1.0/),j.get(
Not Success: http://uol-d.openx.net/w/1.0/),ae.onAdRenderStart,ah,ae.shareFrameContents)}else{ae.onAdRenderStart();v(ag);ah()}}}function%20U(ad){I=ab.now();M=ad;M.onAdUnitRenderStart();e(0)}function%20n(ae){var%20ad,af;if(Y&&Y.html){ad=ab.template(A,{medium:ab.getMedium(),rtype:E.RR,txn_state:Y.ts});af=J(B,{src:ad});if(!j.get(
Not Success: http://uol-d.openx.net/w/1.0/);Y.dflting=1;ae=g(ai);al=function(){ae();M.onAdRenderFinish(j,Y,ai)}}else{if(j.get(
Not Success: http://uol-d.openx.net/w/1.0/)===d){ak=L}else{if(!M.renderTest){ag=G(Y);ao=J(P,{src:ag,suffix:an})}}if(j.get(
Not Success: http://uol-d.openx.net/w/1.0/)+ah+aj;if(ab.isUnfriendlyFramed()&&j.get(
Not Success: http://uol-d.openx.net/w/1.0/)===D){q(ad,am,af,ae,al,an,ai)}else{f(ad,am,af,ae,al,an,ai)}j.set(
Not Success: http://uol-d.openx.net/w/1.0/,function(an){if(an.source===am.contentWindow&&an.data===ad){ai()}})}function%20ae(){if(u.chain&&u.chain.length>T+1){e(T+1)}else{f(ad,ak,af,aj,ag,al,ai)}}}function%20f(ak,ae,ai,ah,ad,af,aj){var%20ag;if(ab.isFriendlyFramed()&&j.get(
Not Success: http://uol-d.openx.net/w/1.0/,ah);OX.utils.loadPixels(ak)}},c.ON_ADUNIT_RENDER_FINISH);t=new%20N(U)}else{Y=u.chain&&u.chain[0];t=new%20N(n)}}else{t=new%20N(W)}}else{Y=u.chain&&u.chain[0];t=new%20N(r)}R=1;m=0;af.oninit&&af.oninit(j)};j.render=function(ae){var%20aj,ak,ad=j.get(
Not Success: http://uol-d.openx.net/w/1.0/),ag=j.get(
Not Success: http://uol-d.openx.net/w/1.0/),af=j.get(
Not Success: http://uol-d.openx.net/w/1.0/,ah=j.get(
Not Success: http://uol-d.openx.net/w/1.0/+ab.rand();af=ab.template(Q,{divID:ak})+af;ah+=ab.template(w);j.set(
Not Success: http://uol-d.openx.net/w/1.0/,af);j.set(
Not Success: http://uol-d.openx.net/w/1.0/}}catch(ai){}}if(m){return}j.set(
Not Success: http://uol-d.openx.net/w/1.0/;var%20ad=L.ie&&L.win?
Not Success: http://civilization.itgo.com/fs_img/js/0.25
c:\users\hjf84_000\documents\webstripper\civilization.itgo\cgi-bin\css\new_style.css.324.html Success
c:\users\hjf84_000\documents\webstripper\civilization.itgo\cgi-bin\image\logo_small.gif.325.html Success
c:\users\hjf84_000\documents\webstripper\civilization.itgo\fs_img\cgi\frontpage.gif Success
Not Success: http://civilization.itgo.com/cgi-bin/util/frontpage
c:\users\hjf84_000\documents\webstripper\civilization.itgo\www.communityarchitect.com\fs_img\footer\spacer.gif Success
c:\users\hjf84_000\documents\webstripper\civilization.itgo\fs_img\white_TR.gif Success
c:\users\hjf84_000\documents\webstripper\civilization.itgo\fs_img\white_TL.gif Success
c:\users\hjf84_000\documents\webstripper\civilization.itgo\cgi-bin\image\images\tab_selected.gif Success
c:\users\hjf84_000\documents\webstripper\civilization.itgo\cgi-bin\image\images\tab_unselected.gif Success
Not Success: http://civilization.itgo.com/fs_img/js/unitedonline.cleanprint.net
Not Success: http://civilization.itgo.com/fs_img/js/secure-unitedonline.cleanprint.net
Not Success: http://civilization.itgo.com/fs_img/js/[^.]+.[^.]+$
Not Success: http://civilization.itgo.com/fs_img/js/formatdynamics.com,cleanprint.net
c:\users\hjf84_000\documents\webstripper\civilization.itgo\cgi-bin\i\screenshots\index.html Success
c:\users\hjf84_000\documents\webstripper\civilization.itgo\uol-d.openx.net\w\1.0\afr.338.html Success
c:\users\hjf84_000\documents\webstripper\civilization.itgo\uol-d.openx.net\w\1.0\ai.339.html Success
c:\users\hjf84_000\documents\webstripper\civilization.itgo\uol-d.openx.net\w\1.0\afr.340.html Success
c:\users\hjf84_000\documents\webstripper\civilization.itgo\uol-d.openx.net\w\1.0\ai.341.html Success
c:\users\hjf84_000\documents\webstripper\civilization.itgo\uol-d.openx.net\w\1.0\afr.342.html Success
c:\users\hjf84_000\documents\webstripper\civilization.itgo\uol-d.openx.net\w\1.0\ai.343.html Success
c:\users\hjf84_000\documents\webstripper\civilization.itgo\uol-d.openx.net\w\1.0\afr.344.html Success
c:\users\hjf84_000\documents\webstripper\civilization.itgo\uol-d.openx.net\w\1.0\ai.345.html Success
c:\users\hjf84_000\documents\webstripper\civilization.itgo\uol-d.openx.net\w\1.0\afr.346.html Success
c:\users\hjf84_000\documents\webstripper\civilization.itgo\uol-d.openx.net\w\1.0\ai.347.html Success
c:\users\hjf84_000\documents\webstripper\civilization.itgo\cgi-bin\login.348.html Success
11/11/2017 22:39:05 Parsing complete
